<?xml version="1.0" encoding="UTF-8"?>
<testsuite name="com.revature.coursems.CourseMsApplicationTests" tests="1" skipped="0" failures="0" errors="0" timestamp="2020-04-23T15:12:28" hostname="DESKTOP-AQE0OEU" time="0.011">
  <properties/>
  <testcase name="contextLoads()" classname="com.revature.coursems.CourseMsApplicationTests" time="0.011"/>
  <system-out><![CDATA[20:42:28.274 [Test worker] DEBUG org.springframework.test.context.BootstrapUtils - Instantiating CacheAwareContextLoaderDelegate from class [org.springframework.test.context.cache.DefaultCacheAwareContextLoaderDelegate]
20:42:28.275 [Test worker] DEBUG org.springframework.test.context.BootstrapUtils - Instantiating BootstrapContext using constructor [public org.springframework.test.context.support.DefaultBootstrapContext(java.lang.Class,org.springframework.test.context.CacheAwareContextLoaderDelegate)]
20:42:28.279 [Test worker] DEBUG org.springframework.test.context.BootstrapUtils - Instantiating TestContextBootstrapper for test class [com.revature.coursems.CourseMsApplicationTests] from class [org.springframework.test.context.support.DefaultTestContextBootstrapper]
20:42:28.292 [Test worker] DEBUG org.springframework.test.context.support.AbstractDelegatingSmartContextLoader - Delegating to GenericXmlContextLoader to process context configuration [ContextConfigurationAttributes@77ef2d declaringClass = 'com.revature.coursems.CourseMsApplicationTests', classes = '{}', locations = '{}', inheritLocations = true, initializers = '{}', inheritInitializers = true, name = [null], contextLoaderClass = 'org.springframework.test.context.ContextLoader'].
20:42:28.293 [Test worker] DEBUG org.springframework.test.context.support.AbstractContextLoader - Did not detect default resource location for test class [com.revature.coursems.CourseMsApplicationTests]: class path resource [com/revature/coursems/CourseMsApplicationTests-context.xml] does not exist
20:42:28.293 [Test worker] INFO org.springframework.test.context.support.AbstractContextLoader - Could not detect default resource locations for test class [com.revature.coursems.CourseMsApplicationTests]: no resource found for suffixes {-context.xml}.
20:42:28.296 [Test worker] DEBUG org.springframework.test.context.support.AbstractDelegatingSmartContextLoader - Delegating to AnnotationConfigContextLoader to process context configuration [ContextConfigurationAttributes@77ef2d declaringClass = 'com.revature.coursems.CourseMsApplicationTests', classes = '{}', locations = '{}', inheritLocations = true, initializers = '{}', inheritInitializers = true, name = [null], contextLoaderClass = 'org.springframework.test.context.ContextLoader'].
20:42:28.297 [Test worker] INFO org.springframework.test.context.support.AnnotationConfigContextLoaderUtils - Could not detect default configuration classes for test class [com.revature.coursems.CourseMsApplicationTests]: CourseMsApplicationTests does not declare any static, non-private, non-final, nested classes annotated with @Configuration.
20:42:28.304 [Test worker] DEBUG org.springframework.test.context.support.ActiveProfilesUtils - Could not find an 'annotation declaring class' for annotation type [org.springframework.test.context.ActiveProfiles] and class [com.revature.coursems.CourseMsApplicationTests]
20:42:28.306 [Test worker] DEBUG org.springframework.test.context.support.DefaultTestContextBootstrapper - @TestExecutionListeners is not present for class [com.revature.coursems.CourseMsApplicationTests]: using defaults.
20:42:28.308 [Test worker] INFO org.springframework.test.context.support.DefaultTestContextBootstrapper - Loaded default TestExecutionListener class names from location [META-INF/spring.factories]: [org.springframework.test.context.web.ServletTestExecutionListener, org.springframework.test.context.support.DirtiesContextBeforeModesTestExecutionListener, org.springframework.test.context.support.DependencyInjectionTestExecutionListener, org.springframework.test.context.support.DirtiesContextTestExecutionListener, org.springframework.test.context.transaction.TransactionalTestExecutionListener, org.springframework.test.context.jdbc.SqlScriptsTestExecutionListener, org.springframework.test.context.event.EventPublishingTestExecutionListener, org.springframework.boot.test.autoconfigure.restdocs.RestDocsTestExecutionListener, org.springframework.boot.test.autoconfigure.web.client.MockRestServiceServerResetTestExecutionListener, org.springframework.boot.test.autoconfigure.web.servlet.MockMvcPrintOnlyOnFailureTestExecutionListener, org.springframework.boot.test.autoconfigure.web.servlet.WebDriverTestExecutionListener, org.springframework.boot.test.mock.mockito.MockitoTestExecutionListener, org.springframework.boot.test.mock.mockito.ResetMocksTestExecutionListener]
20:42:28.316 [Test worker] INFO org.springframework.test.context.support.DefaultTestContextBootstrapper - Using TestExecutionListeners: [org.springframework.test.context.web.ServletTestExecutionListener@674c6732, org.springframework.test.context.support.DirtiesContextBeforeModesTestExecutionListener@1e42484d, org.springframework.boot.test.mock.mockito.MockitoTestExecutionListener@57693dda, org.springframework.test.context.support.DependencyInjectionTestExecutionListener@608f2bfd, org.springframework.test.context.support.DirtiesContextTestExecutionListener@64fea529, org.springframework.test.context.transaction.TransactionalTestExecutionListener@687289db, org.springframework.test.context.jdbc.SqlScriptsTestExecutionListener@766bfee2, org.springframework.test.context.event.EventPublishingTestExecutionListener@6fa2e311, org.springframework.boot.test.autoconfigure.restdocs.RestDocsTestExecutionListener@7ee4d421, org.springframework.boot.test.autoconfigure.web.client.MockRestServiceServerResetTestExecutionListener@2a4a677, org.springframework.boot.test.autoconfigure.web.servlet.MockMvcPrintOnlyOnFailureTestExecutionListener@2b11c42f, org.springframework.boot.test.autoconfigure.web.servlet.WebDriverTestExecutionListener@53d30037, org.springframework.boot.test.mock.mockito.ResetMocksTestExecutionListener@b4e83b0]
20:42:28.319 [Test worker] DEBUG org.springframework.test.context.support.AbstractDirtiesContextTestExecutionListener - Before test class: context [DefaultTestContext@2c7e0bb0 testClass = CourseMsApplicationTests, testInstance = [null], testMethod = [null], testException = [null], mergedContextConfiguration = [MergedContextConfiguration@96b92ac testClass = CourseMsApplicationTests, locations = '{}', classes = '{}', contextInitializerClasses = '[]', activeProfiles = '{}', propertySourceLocations = '{}', propertySourceProperties = '{}', contextCustomizers = set[org.springframework.boot.test.autoconfigure.properties.PropertyMappingContextCustomizer@0, org.springframework.boot.test.autoconfigure.web.servlet.WebDriverContextCustomizerFactory$Customizer@13272c37, org.springframework.boot.test.context.filter.ExcludeFilterContextCustomizer@81bd157, org.springframework.boot.test.json.DuplicateJsonObjectContextCustomizerFactory$DuplicateJsonObjectContextCustomizer@3987a952, org.springframework.boot.test.mock.mockito.MockitoContextCustomizer@0], contextLoader = 'org.springframework.test.context.support.DelegatingSmartContextLoader', parent = [null]], attributes = map[[empty]]], class annotated with @DirtiesContext [false] with mode [null].
20:42:28.321 [Test worker] DEBUG org.springframework.test.context.support.DependencyInjectionTestExecutionListener - Performing dependency injection for test context [[DefaultTestContext@2c7e0bb0 testClass = CourseMsApplicationTests, testInstance = com.revature.coursems.CourseMsApplicationTests@42f2e90e, testMethod = [null], testException = [null], mergedContextConfiguration = [MergedContextConfiguration@96b92ac testClass = CourseMsApplicationTests, locations = '{}', classes = '{}', contextInitializerClasses = '[]', activeProfiles = '{}', propertySourceLocations = '{}', propertySourceProperties = '{}', contextCustomizers = set[org.springframework.boot.test.autoconfigure.properties.PropertyMappingContextCustomizer@0, org.springframework.boot.test.autoconfigure.web.servlet.WebDriverContextCustomizerFactory$Customizer@13272c37, org.springframework.boot.test.context.filter.ExcludeFilterContextCustomizer@81bd157, org.springframework.boot.test.json.DuplicateJsonObjectContextCustomizerFactory$DuplicateJsonObjectContextCustomizer@3987a952, org.springframework.boot.test.mock.mockito.MockitoContextCustomizer@0], contextLoader = 'org.springframework.test.context.support.DelegatingSmartContextLoader', parent = [null]], attributes = map[[empty]]]].
20:42:28.321 [Test worker] DEBUG org.springframework.test.context.support.AbstractDelegatingSmartContextLoader - Delegating to AnnotationConfigContextLoader to load context from [MergedContextConfiguration@96b92ac testClass = CourseMsApplicationTests, locations = '{}', classes = '{}', contextInitializerClasses = '[]', activeProfiles = '{}', propertySourceLocations = '{}', propertySourceProperties = '{}', contextCustomizers = set[org.springframework.boot.test.autoconfigure.properties.PropertyMappingContextCustomizer@0, org.springframework.boot.test.autoconfigure.web.servlet.WebDriverContextCustomizerFactory$Customizer@13272c37, org.springframework.boot.test.context.filter.ExcludeFilterContextCustomizer@81bd157, org.springframework.boot.test.json.DuplicateJsonObjectContextCustomizerFactory$DuplicateJsonObjectContextCustomizer@3987a952, org.springframework.boot.test.mock.mockito.MockitoContextCustomizer@0], contextLoader = 'org.springframework.test.context.support.DelegatingSmartContextLoader', parent = [null]].
20:42:28.325 [Test worker] DEBUG org.springframework.test.context.support.AbstractGenericContextLoader - Loading ApplicationContext for merged context configuration [[MergedContextConfiguration@96b92ac testClass = CourseMsApplicationTests, locations = '{}', classes = '{}', contextInitializerClasses = '[]', activeProfiles = '{}', propertySourceLocations = '{}', propertySourceProperties = '{}', contextCustomizers = set[org.springframework.boot.test.autoconfigure.properties.PropertyMappingContextCustomizer@0, org.springframework.boot.test.autoconfigure.web.servlet.WebDriverContextCustomizerFactory$Customizer@13272c37, org.springframework.boot.test.context.filter.ExcludeFilterContextCustomizer@81bd157, org.springframework.boot.test.json.DuplicateJsonObjectContextCustomizerFactory$DuplicateJsonObjectContextCustomizer@3987a952, org.springframework.boot.test.mock.mockito.MockitoContextCustomizer@0], contextLoader = 'org.springframework.test.context.support.DelegatingSmartContextLoader', parent = [null]]].
20:42:28.326 [Test worker] DEBUG org.springframework.core.env.StandardEnvironment - Activating profiles []
20:42:28.327 [Test worker] DEBUG org.springframework.test.context.support.AnnotationConfigContextLoader - Registering component classes: {}
20:42:28.331 [Test worker] DEBUG org.springframework.context.support.GenericApplicationContext - Refreshing org.springframework.context.support.GenericApplicationContext@3ddea1e3
20:42:28.333 [Test worker] DEBUG org.springframework.beans.factory.support.DefaultListableBeanFactory - Creating shared instance of singleton bean 'org.springframework.context.annotation.internalConfigurationAnnotationProcessor'
20:42:28.336 [Test worker] DEBUG org.springframework.beans.factory.support.DefaultListableBeanFactory - Creating shared instance of singleton bean 'org.springframework.boot.test.mock.mockito.MockitoPostProcessor'
20:42:28.338 [Test worker] DEBUG org.springframework.beans.factory.support.DefaultListableBeanFactory - Creating shared instance of singleton bean 'org.springframework.context.event.internalEventListenerProcessor'
20:42:28.339 [Test worker] DEBUG org.springframework.beans.factory.support.DefaultListableBeanFactory - Creating shared instance of singleton bean 'org.springframework.context.event.internalEventListenerFactory'
20:42:28.339 [Test worker] DEBUG org.springframework.beans.factory.support.DefaultListableBeanFactory - Creating shared instance of singleton bean 'org.springframework.context.annotation.internalAutowiredAnnotationProcessor'
20:42:28.347 [Test worker] DEBUG org.springframework.beans.factory.support.DefaultListableBeanFactory - Creating shared instance of singleton bean 'org.springframework.context.annotation.internalCommonAnnotationProcessor'
20:42:28.348 [Test worker] DEBUG org.springframework.beans.factory.support.DefaultListableBeanFactory - Creating shared instance of singleton bean 'org.springframework.context.annotation.internalPersistenceAnnotationProcessor'
20:42:28.349 [Test worker] DEBUG org.springframework.beans.factory.support.DefaultListableBeanFactory - Creating shared instance of singleton bean 'org.springframework.boot.test.mock.mockito.MockitoPostProcessor$SpyPostProcessor'
20:42:28.351 [Test worker] DEBUG org.springframework.test.context.cache.DefaultCacheAwareContextLoaderDelegate - Storing ApplicationContext [1038000611] in cache under key [[MergedContextConfiguration@96b92ac testClass = CourseMsApplicationTests, locations = '{}', classes = '{}', contextInitializerClasses = '[]', activeProfiles = '{}', propertySourceLocations = '{}', propertySourceProperties = '{}', contextCustomizers = set[org.springframework.boot.test.autoconfigure.properties.PropertyMappingContextCustomizer@0, org.springframework.boot.test.autoconfigure.web.servlet.WebDriverContextCustomizerFactory$Customizer@13272c37, org.springframework.boot.test.context.filter.ExcludeFilterContextCustomizer@81bd157, org.springframework.boot.test.json.DuplicateJsonObjectContextCustomizerFactory$DuplicateJsonObjectContextCustomizer@3987a952, org.springframework.boot.test.mock.mockito.MockitoContextCustomizer@0], contextLoader = 'org.springframework.test.context.support.DelegatingSmartContextLoader', parent = [null]]]
20:42:28.352 [Test worker] DEBUG org.springframework.test.context.cache - Spring test ApplicationContext cache statistics: [DefaultContextCache@fc90ff6 size = 2, maxSize = 32, parentContextCount = 0, hitCount = 280, missCount = 2]
20:42:28.358 [Test worker] DEBUG org.springframework.test.context.cache.DefaultCacheAwareContextLoaderDelegate - Retrieved ApplicationContext [1038000611] from cache with key [[MergedContextConfiguration@96b92ac testClass = CourseMsApplicationTests, locations = '{}', classes = '{}', contextInitializerClasses = '[]', activeProfiles = '{}', propertySourceLocations = '{}', propertySourceProperties = '{}', contextCustomizers = set[org.springframework.boot.test.autoconfigure.properties.PropertyMappingContextCustomizer@0, org.springframework.boot.test.autoconfigure.web.servlet.WebDriverContextCustomizerFactory$Customizer@13272c37, org.springframework.boot.test.context.filter.ExcludeFilterContextCustomizer@81bd157, org.springframework.boot.test.json.DuplicateJsonObjectContextCustomizerFactory$DuplicateJsonObjectContextCustomizer@3987a952, org.springframework.boot.test.mock.mockito.MockitoContextCustomizer@0], contextLoader = 'org.springframework.test.context.support.DelegatingSmartContextLoader', parent = [null]]]
20:42:28.358 [Test worker] DEBUG org.springframework.test.context.cache - Spring test ApplicationContext cache statistics: [DefaultContextCache@fc90ff6 size = 2, maxSize = 32, parentContextCount = 0, hitCount = 281, missCount = 2]
20:42:28.363 [Test worker] DEBUG org.springframework.test.context.support.AbstractDirtiesContextTestExecutionListener - Before test method: context [DefaultTestContext@2c7e0bb0 testClass = CourseMsApplicationTests, testInstance = com.revature.coursems.CourseMsApplicationTests@42f2e90e, testMethod = contextLoads@CourseMsApplicationTests, testException = [null], mergedContextConfiguration = [MergedContextConfiguration@96b92ac testClass = CourseMsApplicationTests, locations = '{}', classes = '{}', contextInitializerClasses = '[]', activeProfiles = '{}', propertySourceLocations = '{}', propertySourceProperties = '{}', contextCustomizers = set[org.springframework.boot.test.autoconfigure.properties.PropertyMappingContextCustomizer@0, org.springframework.boot.test.autoconfigure.web.servlet.WebDriverContextCustomizerFactory$Customizer@13272c37, org.springframework.boot.test.context.filter.ExcludeFilterContextCustomizer@81bd157, org.springframework.boot.test.json.DuplicateJsonObjectContextCustomizerFactory$DuplicateJsonObjectContextCustomizer@3987a952, org.springframework.boot.test.mock.mockito.MockitoContextCustomizer@0], contextLoader = 'org.springframework.test.context.support.DelegatingSmartContextLoader', parent = [null]], attributes = map[[empty]]], class annotated with @DirtiesContext [false] with mode [null], method annotated with @DirtiesContext [false] with mode [null].
20:42:28.364 [Test worker] DEBUG org.springframework.test.context.cache.DefaultCacheAwareContextLoaderDelegate - Retrieved ApplicationContext [1038000611] from cache with key [[MergedContextConfiguration@96b92ac testClass = CourseMsApplicationTests, locations = '{}', classes = '{}', contextInitializerClasses = '[]', activeProfiles = '{}', propertySourceLocations = '{}', propertySourceProperties = '{}', contextCustomizers = set[org.springframework.boot.test.autoconfigure.properties.PropertyMappingContextCustomizer@0, org.springframework.boot.test.autoconfigure.web.servlet.WebDriverContextCustomizerFactory$Customizer@13272c37, org.springframework.boot.test.context.filter.ExcludeFilterContextCustomizer@81bd157, org.springframework.boot.test.json.DuplicateJsonObjectContextCustomizerFactory$DuplicateJsonObjectContextCustomizer@3987a952, org.springframework.boot.test.mock.mockito.MockitoContextCustomizer@0], contextLoader = 'org.springframework.test.context.support.DelegatingSmartContextLoader', parent = [null]]]
20:42:28.364 [Test worker] DEBUG org.springframework.test.context.cache - Spring test ApplicationContext cache statistics: [DefaultContextCache@fc90ff6 size = 2, maxSize = 32, parentContextCount = 0, hitCount = 282, missCount = 2]
20:42:28.365 [Test worker] DEBUG org.springframework.test.context.cache.DefaultCacheAwareContextLoaderDelegate - Retrieved ApplicationContext [1038000611] from cache with key [[MergedContextConfiguration@96b92ac testClass = CourseMsApplicationTests, locations = '{}', classes = '{}', contextInitializerClasses = '[]', activeProfiles = '{}', propertySourceLocations = '{}', propertySourceProperties = '{}', contextCustomizers = set[org.springframework.boot.test.autoconfigure.properties.PropertyMappingContextCustomizer@0, org.springframework.boot.test.autoconfigure.web.servlet.WebDriverContextCustomizerFactory$Customizer@13272c37, org.springframework.boot.test.context.filter.ExcludeFilterContextCustomizer@81bd157, org.springframework.boot.test.json.DuplicateJsonObjectContextCustomizerFactory$DuplicateJsonObjectContextCustomizer@3987a952, org.springframework.boot.test.mock.mockito.MockitoContextCustomizer@0], contextLoader = 'org.springframework.test.context.support.DelegatingSmartContextLoader', parent = [null]]]
20:42:28.365 [Test worker] DEBUG org.springframework.test.context.cache - Spring test ApplicationContext cache statistics: [DefaultContextCache@fc90ff6 size = 2, maxSize = 32, parentContextCount = 0, hitCount = 283, missCount = 2]
20:42:28.365 [Test worker] DEBUG org.springframework.test.context.cache.DefaultCacheAwareContextLoaderDelegate - Retrieved ApplicationContext [1038000611] from cache with key [[MergedContextConfiguration@96b92ac testClass = CourseMsApplicationTests, locations = '{}', classes = '{}', contextInitializerClasses = '[]', activeProfiles = '{}', propertySourceLocations = '{}', propertySourceProperties = '{}', contextCustomizers = set[org.springframework.boot.test.autoconfigure.properties.PropertyMappingContextCustomizer@0, org.springframework.boot.test.autoconfigure.web.servlet.WebDriverContextCustomizerFactory$Customizer@13272c37, org.springframework.boot.test.context.filter.ExcludeFilterContextCustomizer@81bd157, org.springframework.boot.test.json.DuplicateJsonObjectContextCustomizerFactory$DuplicateJsonObjectContextCustomizer@3987a952, org.springframework.boot.test.mock.mockito.MockitoContextCustomizer@0], contextLoader = 'org.springframework.test.context.support.DelegatingSmartContextLoader', parent = [null]]]
20:42:28.365 [Test worker] DEBUG org.springframework.test.context.cache - Spring test ApplicationContext cache statistics: [DefaultContextCache@fc90ff6 size = 2, maxSize = 32, parentContextCount = 0, hitCount = 284, missCount = 2]
20:42:28.366 [Test worker] DEBUG org.springframework.test.context.cache.DefaultCacheAwareContextLoaderDelegate - Retrieved ApplicationContext [1038000611] from cache with key [[MergedContextConfiguration@96b92ac testClass = CourseMsApplicationTests, locations = '{}', classes = '{}', contextInitializerClasses = '[]', activeProfiles = '{}', propertySourceLocations = '{}', propertySourceProperties = '{}', contextCustomizers = set[org.springframework.boot.test.autoconfigure.properties.PropertyMappingContextCustomizer@0, org.springframework.boot.test.autoconfigure.web.servlet.WebDriverContextCustomizerFactory$Customizer@13272c37, org.springframework.boot.test.context.filter.ExcludeFilterContextCustomizer@81bd157, org.springframework.boot.test.json.DuplicateJsonObjectContextCustomizerFactory$DuplicateJsonObjectContextCustomizer@3987a952, org.springframework.boot.test.mock.mockito.MockitoContextCustomizer@0], contextLoader = 'org.springframework.test.context.support.DelegatingSmartContextLoader', parent = [null]]]
20:42:28.366 [Test worker] DEBUG org.springframework.test.context.cache - Spring test ApplicationContext cache statistics: [DefaultContextCache@fc90ff6 size = 2, maxSize = 32, parentContextCount = 0, hitCount = 285, missCount = 2]
20:42:28.367 [Test worker] DEBUG org.springframework.test.context.cache.DefaultCacheAwareContextLoaderDelegate - Retrieved ApplicationContext [1038000611] from cache with key [[MergedContextConfiguration@96b92ac testClass = CourseMsApplicationTests, locations = '{}', classes = '{}', contextInitializerClasses = '[]', activeProfiles = '{}', propertySourceLocations = '{}', propertySourceProperties = '{}', contextCustomizers = set[org.springframework.boot.test.autoconfigure.properties.PropertyMappingContextCustomizer@0, org.springframework.boot.test.autoconfigure.web.servlet.WebDriverContextCustomizerFactory$Customizer@13272c37, org.springframework.boot.test.context.filter.ExcludeFilterContextCustomizer@81bd157, org.springframework.boot.test.json.DuplicateJsonObjectContextCustomizerFactory$DuplicateJsonObjectContextCustomizer@3987a952, org.springframework.boot.test.mock.mockito.MockitoContextCustomizer@0], contextLoader = 'org.springframework.test.context.support.DelegatingSmartContextLoader', parent = [null]]]
20:42:28.367 [Test worker] DEBUG org.springframework.test.context.cache - Spring test ApplicationContext cache statistics: [DefaultContextCache@fc90ff6 size = 2, maxSize = 32, parentContextCount = 0, hitCount = 286, missCount = 2]
20:42:28.367 [Test worker] DEBUG org.springframework.test.context.cache.DefaultCacheAwareContextLoaderDelegate - Retrieved ApplicationContext [1038000611] from cache with key [[MergedContextConfiguration@96b92ac testClass = CourseMsApplicationTests, locations = '{}', classes = '{}', contextInitializerClasses = '[]', activeProfiles = '{}', propertySourceLocations = '{}', propertySourceProperties = '{}', contextCustomizers = set[org.springframework.boot.test.autoconfigure.properties.PropertyMappingContextCustomizer@0, org.springframework.boot.test.autoconfigure.web.servlet.WebDriverContextCustomizerFactory$Customizer@13272c37, org.springframework.boot.test.context.filter.ExcludeFilterContextCustomizer@81bd157, org.springframework.boot.test.json.DuplicateJsonObjectContextCustomizerFactory$DuplicateJsonObjectContextCustomizer@3987a952, org.springframework.boot.test.mock.mockito.MockitoContextCustomizer@0], contextLoader = 'org.springframework.test.context.support.DelegatingSmartContextLoader', parent = [null]]]
20:42:28.367 [Test worker] DEBUG org.springframework.test.context.cache - Spring test ApplicationContext cache statistics: [DefaultContextCache@fc90ff6 size = 2, maxSize = 32, parentContextCount = 0, hitCount = 287, missCount = 2]
20:42:28.368 [Test worker] DEBUG org.springframework.test.context.cache.DefaultCacheAwareContextLoaderDelegate - Retrieved ApplicationContext [1038000611] from cache with key [[MergedContextConfiguration@96b92ac testClass = CourseMsApplicationTests, locations = '{}', classes = '{}', contextInitializerClasses = '[]', activeProfiles = '{}', propertySourceLocations = '{}', propertySourceProperties = '{}', contextCustomizers = set[org.springframework.boot.test.autoconfigure.properties.PropertyMappingContextCustomizer@0, org.springframework.boot.test.autoconfigure.web.servlet.WebDriverContextCustomizerFactory$Customizer@13272c37, org.springframework.boot.test.context.filter.ExcludeFilterContextCustomizer@81bd157, org.springframework.boot.test.json.DuplicateJsonObjectContextCustomizerFactory$DuplicateJsonObjectContextCustomizer@3987a952, org.springframework.boot.test.mock.mockito.MockitoContextCustomizer@0], contextLoader = 'org.springframework.test.context.support.DelegatingSmartContextLoader', parent = [null]]]
20:42:28.369 [Test worker] DEBUG org.springframework.test.context.cache - Spring test ApplicationContext cache statistics: [DefaultContextCache@fc90ff6 size = 2, maxSize = 32, parentContextCount = 0, hitCount = 288, missCount = 2]
20:42:28.369 [Test worker] DEBUG org.springframework.test.context.cache.DefaultCacheAwareContextLoaderDelegate - Retrieved ApplicationContext [1038000611] from cache with key [[MergedContextConfiguration@96b92ac testClass = CourseMsApplicationTests, locations = '{}', classes = '{}', contextInitializerClasses = '[]', activeProfiles = '{}', propertySourceLocations = '{}', propertySourceProperties = '{}', contextCustomizers = set[org.springframework.boot.test.autoconfigure.properties.PropertyMappingContextCustomizer@0, org.springframework.boot.test.autoconfigure.web.servlet.WebDriverContextCustomizerFactory$Customizer@13272c37, org.springframework.boot.test.context.filter.ExcludeFilterContextCustomizer@81bd157, org.springframework.boot.test.json.DuplicateJsonObjectContextCustomizerFactory$DuplicateJsonObjectContextCustomizer@3987a952, org.springframework.boot.test.mock.mockito.MockitoContextCustomizer@0], contextLoader = 'org.springframework.test.context.support.DelegatingSmartContextLoader', parent = [null]]]
20:42:28.369 [Test worker] DEBUG org.springframework.test.context.cache - Spring test ApplicationContext cache statistics: [DefaultContextCache@fc90ff6 size = 2, maxSize = 32, parentContextCount = 0, hitCount = 289, missCount = 2]
20:42:28.369 [Test worker] DEBUG org.springframework.test.context.cache.DefaultCacheAwareContextLoaderDelegate - Retrieved ApplicationContext [1038000611] from cache with key [[MergedContextConfiguration@96b92ac testClass = CourseMsApplicationTests, locations = '{}', classes = '{}', contextInitializerClasses = '[]', activeProfiles = '{}', propertySourceLocations = '{}', propertySourceProperties = '{}', contextCustomizers = set[org.springframework.boot.test.autoconfigure.properties.PropertyMappingContextCustomizer@0, org.springframework.boot.test.autoconfigure.web.servlet.WebDriverContextCustomizerFactory$Customizer@13272c37, org.springframework.boot.test.context.filter.ExcludeFilterContextCustomizer@81bd157, org.springframework.boot.test.json.DuplicateJsonObjectContextCustomizerFactory$DuplicateJsonObjectContextCustomizer@3987a952, org.springframework.boot.test.mock.mockito.MockitoContextCustomizer@0], contextLoader = 'org.springframework.test.context.support.DelegatingSmartContextLoader', parent = [null]]]
20:42:28.369 [Test worker] DEBUG org.springframework.test.context.cache - Spring test ApplicationContext cache statistics: [DefaultContextCache@fc90ff6 size = 2, maxSize = 32, parentContextCount = 0, hitCount = 290, missCount = 2]
20:42:28.369 [Test worker] DEBUG org.springframework.test.context.cache.DefaultCacheAwareContextLoaderDelegate - Retrieved ApplicationContext [1038000611] from cache with key [[MergedContextConfiguration@96b92ac testClass = CourseMsApplicationTests, locations = '{}', classes = '{}', contextInitializerClasses = '[]', activeProfiles = '{}', propertySourceLocations = '{}', propertySourceProperties = '{}', contextCustomizers = set[org.springframework.boot.test.autoconfigure.properties.PropertyMappingContextCustomizer@0, org.springframework.boot.test.autoconfigure.web.servlet.WebDriverContextCustomizerFactory$Customizer@13272c37, org.springframework.boot.test.context.filter.ExcludeFilterContextCustomizer@81bd157, org.springframework.boot.test.json.DuplicateJsonObjectContextCustomizerFactory$DuplicateJsonObjectContextCustomizer@3987a952, org.springframework.boot.test.mock.mockito.MockitoContextCustomizer@0], contextLoader = 'org.springframework.test.context.support.DelegatingSmartContextLoader', parent = [null]]]
20:42:28.369 [Test worker] DEBUG org.springframework.test.context.cache - Spring test ApplicationContext cache statistics: [DefaultContextCache@fc90ff6 size = 2, maxSize = 32, parentContextCount = 0, hitCount = 291, missCount = 2]
20:42:28.370 [Test worker] DEBUG org.springframework.test.context.cache.DefaultCacheAwareContextLoaderDelegate - Retrieved ApplicationContext [1038000611] from cache with key [[MergedContextConfiguration@96b92ac testClass = CourseMsApplicationTests, locations = '{}', classes = '{}', contextInitializerClasses = '[]', activeProfiles = '{}', propertySourceLocations = '{}', propertySourceProperties = '{}', contextCustomizers = set[org.springframework.boot.test.autoconfigure.properties.PropertyMappingContextCustomizer@0, org.springframework.boot.test.autoconfigure.web.servlet.WebDriverContextCustomizerFactory$Customizer@13272c37, org.springframework.boot.test.context.filter.ExcludeFilterContextCustomizer@81bd157, org.springframework.boot.test.json.DuplicateJsonObjectContextCustomizerFactory$DuplicateJsonObjectContextCustomizer@3987a952, org.springframework.boot.test.mock.mockito.MockitoContextCustomizer@0], contextLoader = 'org.springframework.test.context.support.DelegatingSmartContextLoader', parent = [null]]]
20:42:28.370 [Test worker] DEBUG org.springframework.test.context.cache - Spring test ApplicationContext cache statistics: [DefaultContextCache@fc90ff6 size = 2, maxSize = 32, parentContextCount = 0, hitCount = 292, missCount = 2]
20:42:28.370 [Test worker] DEBUG org.springframework.test.context.support.AbstractDirtiesContextTestExecutionListener - After test method: context [DefaultTestContext@2c7e0bb0 testClass = CourseMsApplicationTests, testInstance = com.revature.coursems.CourseMsApplicationTests@42f2e90e, testMethod = contextLoads@CourseMsApplicationTests, testException = [null], mergedContextConfiguration = [MergedContextConfiguration@96b92ac testClass = CourseMsApplicationTests, locations = '{}', classes = '{}', contextInitializerClasses = '[]', activeProfiles = '{}', propertySourceLocations = '{}', propertySourceProperties = '{}', contextCustomizers = set[org.springframework.boot.test.autoconfigure.properties.PropertyMappingContextCustomizer@0, org.springframework.boot.test.autoconfigure.web.servlet.WebDriverContextCustomizerFactory$Customizer@13272c37, org.springframework.boot.test.context.filter.ExcludeFilterContextCustomizer@81bd157, org.springframework.boot.test.json.DuplicateJsonObjectContextCustomizerFactory$DuplicateJsonObjectContextCustomizer@3987a952, org.springframework.boot.test.mock.mockito.MockitoContextCustomizer@0], contextLoader = 'org.springframework.test.context.support.DelegatingSmartContextLoader', parent = [null]], attributes = map[[empty]]], class annotated with @DirtiesContext [false] with mode [null], method annotated with @DirtiesContext [false] with mode [null].
20:42:28.371 [Test worker] DEBUG org.springframework.test.context.cache.DefaultCacheAwareContextLoaderDelegate - Retrieved ApplicationContext [1038000611] from cache with key [[MergedContextConfiguration@96b92ac testClass = CourseMsApplicationTests, locations = '{}', classes = '{}', contextInitializerClasses = '[]', activeProfiles = '{}', propertySourceLocations = '{}', propertySourceProperties = '{}', contextCustomizers = set[org.springframework.boot.test.autoconfigure.properties.PropertyMappingContextCustomizer@0, org.springframework.boot.test.autoconfigure.web.servlet.WebDriverContextCustomizerFactory$Customizer@13272c37, org.springframework.boot.test.context.filter.ExcludeFilterContextCustomizer@81bd157, org.springframework.boot.test.json.DuplicateJsonObjectContextCustomizerFactory$DuplicateJsonObjectContextCustomizer@3987a952, org.springframework.boot.test.mock.mockito.MockitoContextCustomizer@0], contextLoader = 'org.springframework.test.context.support.DelegatingSmartContextLoader', parent = [null]]]
20:42:28.371 [Test worker] DEBUG org.springframework.test.context.cache - Spring test ApplicationContext cache statistics: [DefaultContextCache@fc90ff6 size = 2, maxSize = 32, parentContextCount = 0, hitCount = 293, missCount = 2]
20:42:28.371 [Test worker] DEBUG org.springframework.test.context.support.AbstractDirtiesContextTestExecutionListener - After test class: context [DefaultTestContext@2c7e0bb0 testClass = CourseMsApplicationTests, testInstance = [null], testMethod = [null], testException = [null], mergedContextConfiguration = [MergedContextConfiguration@96b92ac testClass = CourseMsApplicationTests, locations = '{}', classes = '{}', contextInitializerClasses = '[]', activeProfiles = '{}', propertySourceLocations = '{}', propertySourceProperties = '{}', contextCustomizers = set[org.springframework.boot.test.autoconfigure.properties.PropertyMappingContextCustomizer@0, org.springframework.boot.test.autoconfigure.web.servlet.WebDriverContextCustomizerFactory$Customizer@13272c37, org.springframework.boot.test.context.filter.ExcludeFilterContextCustomizer@81bd157, org.springframework.boot.test.json.DuplicateJsonObjectContextCustomizerFactory$DuplicateJsonObjectContextCustomizer@3987a952, org.springframework.boot.test.mock.mockito.MockitoContextCustomizer@0], contextLoader = 'org.springframework.test.context.support.DelegatingSmartContextLoader', parent = [null]], attributes = map[[empty]]], class annotated with @DirtiesContext [false] with mode [null].
]]></system-out>
  <system-err><![CDATA[]]></system-err>
</testsuite>
